{"/Users/iks3000/Desktop/capstone-project-final/src/App.js": {"path":"/Users/iks3000/Desktop/capstone-project-final/src/App.js","statementMap":{"0":{"start":{"line":6,"column":2},"end":{"line":13,"column":4}}},"fnMap":{"0":{"name":"App","decl":{"start":{"line":5,"column":9},"end":{"line":5,"column":12}},"loc":{"start":{"line":5,"column":15},"end":{"line":14,"column":1}},"line":5}},"branchMap":{},"s":{"0":1},"f":{"0":1},"b":{},"_coverageSchema":"1a1c01bbd47fc00a2c39e90264f33305004495a9","hash":"27b4d43a5af97f7d55b9133b72a7df84f10ad582"}
,"/Users/iks3000/Desktop/capstone-project-final/src/index.js": {"path":"/Users/iks3000/Desktop/capstone-project-final/src/index.js","statementMap":{"0":{"start":{"line":14,"column":0},"end":{"line":21,"column":2}},"1":{"start":{"line":26,"column":0},"end":{"line":26,"column":18}}},"fnMap":{},"branchMap":{},"s":{"0":1,"1":1},"f":{},"b":{},"_coverageSchema":"1a1c01bbd47fc00a2c39e90264f33305004495a9","hash":"5758b8369a19d9872d12064eee9b723e89317fc5"}
,"/Users/iks3000/Desktop/capstone-project-final/src/app/store.js": {"path":"/Users/iks3000/Desktop/capstone-project-final/src/app/store.js","statementMap":{"0":{"start":{"line":5,"column":21},"end":{"line":10,"column":2}}},"fnMap":{},"branchMap":{},"s":{"0":1},"f":{},"b":{},"_coverageSchema":"1a1c01bbd47fc00a2c39e90264f33305004495a9","hash":"cf014e6f68a66d9b450565905306d48b35809c86"}
,"/Users/iks3000/Desktop/capstone-project-final/src/app/features/education/educationSlice.js": {"path":"/Users/iks3000/Desktop/capstone-project-final/src/app/features/education/educationSlice.js","statementMap":{"0":{"start":{"line":5,"column":21},"end":{"line":9,"column":1}},"1":{"start":{"line":12,"column":31},"end":{"line":20,"column":1}},"2":{"start":{"line":15,"column":4},"end":{"line":18,"column":22}},"3":{"start":{"line":16,"column":18},"end":{"line":16,"column":48}},"4":{"start":{"line":17,"column":6},"end":{"line":17,"column":33}},"5":{"start":{"line":23,"column":30},"end":{"line":41,"column":2}},"6":{"start":{"line":29,"column":6},"end":{"line":29,"column":33}},"7":{"start":{"line":30,"column":6},"end":{"line":30,"column":28}},"8":{"start":{"line":33,"column":6},"end":{"line":33,"column":27}},"9":{"start":{"line":36,"column":6},"end":{"line":36,"column":28}},"10":{"start":{"line":37,"column":6},"end":{"line":37,"column":33}},"11":{"start":{"line":38,"column":6},"end":{"line":38,"column":26}}},"fnMap":{"0":{"name":"(anonymous_0)","decl":{"start":{"line":14,"column":2},"end":{"line":14,"column":3}},"loc":{"start":{"line":14,"column":14},"end":{"line":19,"column":3}},"line":14},"1":{"name":"(anonymous_1)","decl":{"start":{"line":28,"column":33},"end":{"line":28,"column":34}},"loc":{"start":{"line":28,"column":57},"end":{"line":31,"column":5}},"line":28},"2":{"name":"(anonymous_2)","decl":{"start":{"line":32,"column":31},"end":{"line":32,"column":32}},"loc":{"start":{"line":32,"column":42},"end":{"line":34,"column":5}},"line":32},"3":{"name":"(anonymous_3)","decl":{"start":{"line":35,"column":32},"end":{"line":35,"column":33}},"loc":{"start":{"line":35,"column":63},"end":{"line":39,"column":5}},"line":35}},"branchMap":{},"s":{"0":4,"1":4,"2":1,"3":1,"4":1,"5":4,"6":1,"7":1,"8":1,"9":0,"10":0,"11":0},"f":{"0":1,"1":1,"2":1,"3":0},"b":{},"_coverageSchema":"1a1c01bbd47fc00a2c39e90264f33305004495a9","hash":"4277d50b24a16235109aaf0c7df25a15e6140a1c"}
,"/Users/iks3000/Desktop/capstone-project-final/src/app/features/skills/skillsSlice.js": {"path":"/Users/iks3000/Desktop/capstone-project-final/src/app/features/skills/skillsSlice.js","statementMap":{"0":{"start":{"line":5,"column":21},"end":{"line":9,"column":1}},"1":{"start":{"line":12,"column":27},"end":{"line":17,"column":2}},"2":{"start":{"line":13,"column":2},"end":{"line":16,"column":20}},"3":{"start":{"line":14,"column":16},"end":{"line":14,"column":43}},"4":{"start":{"line":15,"column":4},"end":{"line":15,"column":27}},"5":{"start":{"line":19,"column":26},"end":{"line":28,"column":1}},"6":{"start":{"line":22,"column":4},"end":{"line":26,"column":5}},"7":{"start":{"line":23,"column":6},"end":{"line":23,"column":42}},"8":{"start":{"line":25,"column":6},"end":{"line":25,"column":25}},"9":{"start":{"line":31,"column":27},"end":{"line":62,"column":2}},"10":{"start":{"line":37,"column":6},"end":{"line":37,"column":29}},"11":{"start":{"line":38,"column":6},"end":{"line":38,"column":28}},"12":{"start":{"line":41,"column":6},"end":{"line":41,"column":27}},"13":{"start":{"line":44,"column":6},"end":{"line":44,"column":28}},"14":{"start":{"line":45,"column":6},"end":{"line":45,"column":29}},"15":{"start":{"line":46,"column":6},"end":{"line":46,"column":26}},"16":{"start":{"line":51,"column":6},"end":{"line":51,"column":28}},"17":{"start":{"line":54,"column":6},"end":{"line":54,"column":27}},"18":{"start":{"line":57,"column":6},"end":{"line":57,"column":28}},"19":{"start":{"line":58,"column":6},"end":{"line":58,"column":29}},"20":{"start":{"line":59,"column":6},"end":{"line":59,"column":26}}},"fnMap":{"0":{"name":"(anonymous_0)","decl":{"start":{"line":12,"column":66},"end":{"line":12,"column":67}},"loc":{"start":{"line":12,"column":78},"end":{"line":17,"column":1}},"line":12},"1":{"name":"(anonymous_1)","decl":{"start":{"line":21,"column":2},"end":{"line":21,"column":3}},"loc":{"start":{"line":21,"column":19},"end":{"line":27,"column":3}},"line":21},"2":{"name":"(anonymous_2)","decl":{"start":{"line":36,"column":29},"end":{"line":36,"column":30}},"loc":{"start":{"line":36,"column":53},"end":{"line":39,"column":5}},"line":36},"3":{"name":"(anonymous_3)","decl":{"start":{"line":40,"column":27},"end":{"line":40,"column":28}},"loc":{"start":{"line":40,"column":38},"end":{"line":42,"column":5}},"line":40},"4":{"name":"(anonymous_4)","decl":{"start":{"line":43,"column":28},"end":{"line":43,"column":29}},"loc":{"start":{"line":43,"column":59},"end":{"line":47,"column":5}},"line":43},"5":{"name":"(anonymous_5)","decl":{"start":{"line":50,"column":28},"end":{"line":50,"column":29}},"loc":{"start":{"line":50,"column":52},"end":{"line":52,"column":5}},"line":50},"6":{"name":"(anonymous_6)","decl":{"start":{"line":53,"column":26},"end":{"line":53,"column":27}},"loc":{"start":{"line":53,"column":37},"end":{"line":55,"column":5}},"line":53},"7":{"name":"(anonymous_7)","decl":{"start":{"line":56,"column":27},"end":{"line":56,"column":28}},"loc":{"start":{"line":56,"column":58},"end":{"line":60,"column":5}},"line":56}},"branchMap":{},"s":{"0":5,"1":5,"2":1,"3":1,"4":1,"5":5,"6":1,"7":1,"8":0,"9":5,"10":1,"11":1,"12":1,"13":0,"14":0,"15":0,"16":0,"17":0,"18":0,"19":0,"20":0},"f":{"0":1,"1":1,"2":1,"3":1,"4":0,"5":0,"6":0,"7":0},"b":{},"_coverageSchema":"1a1c01bbd47fc00a2c39e90264f33305004495a9","hash":"6985e9bdaa425c754175b1323b3b6462432b9662"}
,"/Users/iks3000/Desktop/capstone-project-final/src/components/Address/index.js": {"path":"/Users/iks3000/Desktop/capstone-project-final/src/components/Address/index.js","statementMap":{"0":{"start":{"line":8,"column":16},"end":{"line":55,"column":1}},"1":{"start":{"line":9,"column":4},"end":{"line":54,"column":5}}},"fnMap":{"0":{"name":"(anonymous_0)","decl":{"start":{"line":8,"column":16},"end":{"line":8,"column":17}},"loc":{"start":{"line":8,"column":22},"end":{"line":55,"column":1}},"line":8}},"branchMap":{},"s":{"0":4,"1":1},"f":{"0":1},"b":{},"_coverageSchema":"1a1c01bbd47fc00a2c39e90264f33305004495a9","hash":"26e691da9bb60cb0f112dc642ee223e475210c2f"}
,"/Users/iks3000/Desktop/capstone-project-final/src/components/Box/index.js": {"path":"/Users/iks3000/Desktop/capstone-project-final/src/components/Box/index.js","statementMap":{"0":{"start":{"line":4,"column":12},"end":{"line":11,"column":1}},"1":{"start":{"line":5,"column":4},"end":{"line":10,"column":6}}},"fnMap":{"0":{"name":"(anonymous_0)","decl":{"start":{"line":4,"column":12},"end":{"line":4,"column":13}},"loc":{"start":{"line":4,"column":35},"end":{"line":11,"column":1}},"line":4}},"branchMap":{},"s":{"0":4,"1":1},"f":{"0":1},"b":{},"_coverageSchema":"1a1c01bbd47fc00a2c39e90264f33305004495a9","hash":"5cafa8940f09beebbc8ea2b7a63d466594ad4c0e"}
,"/Users/iks3000/Desktop/capstone-project-final/src/components/Button/index.js": {"path":"/Users/iks3000/Desktop/capstone-project-final/src/components/Button/index.js","statementMap":{"0":{"start":{"line":3,"column":15},"end":{"line":15,"column":1}},"1":{"start":{"line":4,"column":2},"end":{"line":14,"column":4}}},"fnMap":{"0":{"name":"(anonymous_0)","decl":{"start":{"line":3,"column":15},"end":{"line":3,"column":16}},"loc":{"start":{"line":3,"column":70},"end":{"line":15,"column":1}},"line":3}},"branchMap":{"0":{"loc":{"start":{"line":3,"column":24},"end":{"line":3,"column":38}},"type":"default-arg","locations":[{"start":{"line":3,"column":31},"end":{"line":3,"column":38}}],"line":3},"1":{"loc":{"start":{"line":6,"column":17},"end":{"line":6,"column":56}},"type":"cond-expr","locations":[{"start":{"line":6,"column":28},"end":{"line":6,"column":45}},{"start":{"line":6,"column":48},"end":{"line":6,"column":56}}],"line":6}},"s":{"0":6,"1":3},"f":{"0":3},"b":{"0":[1],"1":[1,2]},"_coverageSchema":"1a1c01bbd47fc00a2c39e90264f33305004495a9","hash":"1bc11ddfb88d70c72e608f24bed5edc834b1c0de"}
,"/Users/iks3000/Desktop/capstone-project-final/src/components/ErrorMessage/index.js": {"path":"/Users/iks3000/Desktop/capstone-project-final/src/components/ErrorMessage/index.js","statementMap":{"0":{"start":{"line":3,"column":21},"end":{"line":9,"column":1}},"1":{"start":{"line":4,"column":4},"end":{"line":8,"column":5}}},"fnMap":{"0":{"name":"(anonymous_0)","decl":{"start":{"line":3,"column":21},"end":{"line":3,"column":22}},"loc":{"start":{"line":3,"column":27},"end":{"line":9,"column":1}},"line":3}},"branchMap":{},"s":{"0":5,"1":1},"f":{"0":1},"b":{},"_coverageSchema":"1a1c01bbd47fc00a2c39e90264f33305004495a9","hash":"4b3858054a31f61d9d332730c41e999ea0583be1"}
,"/Users/iks3000/Desktop/capstone-project-final/src/components/Expertise/index.js": {"path":"/Users/iks3000/Desktop/capstone-project-final/src/components/Expertise/index.js","statementMap":{"0":{"start":{"line":5,"column":18},"end":{"line":31,"column":1}},"1":{"start":{"line":6,"column":21},"end":{"line":6,"column":35}},"2":{"start":{"line":8,"column":2},"end":{"line":30,"column":4}},"3":{"start":{"line":13,"column":10},"end":{"line":26,"column":15}}},"fnMap":{"0":{"name":"(anonymous_0)","decl":{"start":{"line":5,"column":18},"end":{"line":5,"column":19}},"loc":{"start":{"line":5,"column":32},"end":{"line":31,"column":1}},"line":5},"1":{"name":"(anonymous_1)","decl":{"start":{"line":12,"column":22},"end":{"line":12,"column":23}},"loc":{"start":{"line":13,"column":10},"end":{"line":26,"column":15}},"line":13}},"branchMap":{},"s":{"0":4,"1":1,"2":1,"3":2},"f":{"0":1,"1":2},"b":{},"_coverageSchema":"1a1c01bbd47fc00a2c39e90264f33305004495a9","hash":"eeb3c7c357c8a952a2b5e4ef01a8dc765bb37acb"}
,"/Users/iks3000/Desktop/capstone-project-final/src/components/Feedback/index.js": {"path":"/Users/iks3000/Desktop/capstone-project-final/src/components/Feedback/index.js","statementMap":{"0":{"start":{"line":5,"column":17},"end":{"line":24,"column":1}},"1":{"start":{"line":6,"column":21},"end":{"line":6,"column":35}},"2":{"start":{"line":7,"column":2},"end":{"line":23,"column":4}},"3":{"start":{"line":11,"column":8},"end":{"line":20,"column":14}}},"fnMap":{"0":{"name":"(anonymous_0)","decl":{"start":{"line":5,"column":17},"end":{"line":5,"column":18}},"loc":{"start":{"line":5,"column":31},"end":{"line":24,"column":1}},"line":5},"1":{"name":"(anonymous_1)","decl":{"start":{"line":10,"column":20},"end":{"line":10,"column":21}},"loc":{"start":{"line":11,"column":8},"end":{"line":20,"column":14}},"line":11}},"branchMap":{},"s":{"0":4,"1":1,"2":1,"3":2},"f":{"0":1,"1":2},"b":{},"_coverageSchema":"1a1c01bbd47fc00a2c39e90264f33305004495a9","hash":"e00fb7027eb1e436a903146510e08108126be07d"}
,"/Users/iks3000/Desktop/capstone-project-final/src/components/Info/index.js": {"path":"/Users/iks3000/Desktop/capstone-project-final/src/components/Info/index.js","statementMap":{"0":{"start":{"line":3,"column":13},"end":{"line":5,"column":1}},"1":{"start":{"line":4,"column":2},"end":{"line":4,"column":40}}},"fnMap":{"0":{"name":"(anonymous_0)","decl":{"start":{"line":3,"column":13},"end":{"line":3,"column":14}},"loc":{"start":{"line":3,"column":27},"end":{"line":5,"column":1}},"line":3}},"branchMap":{},"s":{"0":9,"1":1},"f":{"0":1},"b":{},"_coverageSchema":"1a1c01bbd47fc00a2c39e90264f33305004495a9","hash":"f86cde92386005037e90ef934a23c4bfdece75b0"}
,"/Users/iks3000/Desktop/capstone-project-final/src/components/Navigation/index.js": {"path":"/Users/iks3000/Desktop/capstone-project-final/src/components/Navigation/index.js","statementMap":{"0":{"start":{"line":16,"column":19},"end":{"line":105,"column":1}},"1":{"start":{"line":17,"column":2},"end":{"line":104,"column":4}}},"fnMap":{"0":{"name":"(anonymous_0)","decl":{"start":{"line":16,"column":19},"end":{"line":16,"column":20}},"loc":{"start":{"line":16,"column":25},"end":{"line":105,"column":1}},"line":16}},"branchMap":{},"s":{"0":3,"1":1},"f":{"0":1},"b":{},"_coverageSchema":"1a1c01bbd47fc00a2c39e90264f33305004495a9","hash":"c41593b4449a4741c329aa94cee15c2e2d0073a4"}
,"/Users/iks3000/Desktop/capstone-project-final/src/components/Panel/index.js": {"path":"/Users/iks3000/Desktop/capstone-project-final/src/components/Panel/index.js","statementMap":{"0":{"start":{"line":11,"column":14},"end":{"line":26,"column":1}},"1":{"start":{"line":12,"column":4},"end":{"line":25,"column":5}}},"fnMap":{"0":{"name":"(anonymous_0)","decl":{"start":{"line":11,"column":14},"end":{"line":11,"column":15}},"loc":{"start":{"line":11,"column":20},"end":{"line":26,"column":1}},"line":11}},"branchMap":{},"s":{"0":3,"1":1},"f":{"0":1},"b":{},"_coverageSchema":"1a1c01bbd47fc00a2c39e90264f33305004495a9","hash":"02be43114379cf545a8eca503774b8189d657edd"}
,"/Users/iks3000/Desktop/capstone-project-final/src/components/PhotoBox/index.js": {"path":"/Users/iks3000/Desktop/capstone-project-final/src/components/PhotoBox/index.js","statementMap":{"0":{"start":{"line":3,"column":17},"end":{"line":18,"column":1}},"1":{"start":{"line":4,"column":4},"end":{"line":17,"column":5}}},"fnMap":{"0":{"name":"(anonymous_0)","decl":{"start":{"line":3,"column":17},"end":{"line":3,"column":18}},"loc":{"start":{"line":3,"column":59},"end":{"line":18,"column":1}},"line":3}},"branchMap":{},"s":{"0":4,"1":1},"f":{"0":1},"b":{},"_coverageSchema":"1a1c01bbd47fc00a2c39e90264f33305004495a9","hash":"8c580dfd0732d40fc5876b6c936767528efb7ab9"}
,"/Users/iks3000/Desktop/capstone-project-final/src/components/Portfolio/index.js": {"path":"/Users/iks3000/Desktop/capstone-project-final/src/components/Portfolio/index.js","statementMap":{"0":{"start":{"line":7,"column":30},"end":{"line":78,"column":1}},"1":{"start":{"line":8,"column":18},"end":{"line":8,"column":26}},"2":{"start":{"line":9,"column":36},"end":{"line":9,"column":49}},"3":{"start":{"line":11,"column":2},"end":{"line":17,"column":9}},"4":{"start":{"line":12,"column":4},"end":{"line":15,"column":7}},"5":{"start":{"line":16,"column":4},"end":{"line":16,"column":43}},"6":{"start":{"line":16,"column":17},"end":{"line":16,"column":42}},"7":{"start":{"line":19,"column":2},"end":{"line":23,"column":18}},"8":{"start":{"line":20,"column":4},"end":{"line":22,"column":61}},"9":{"start":{"line":25,"column":32},"end":{"line":27,"column":3}},"10":{"start":{"line":25,"column":41},"end":{"line":27,"column":3}},"11":{"start":{"line":26,"column":4},"end":{"line":26,"column":22}},"12":{"start":{"line":29,"column":2},"end":{"line":77,"column":4}},"13":{"start":{"line":80,"column":18},"end":{"line":87,"column":1}},"14":{"start":{"line":81,"column":2},"end":{"line":86,"column":4}}},"fnMap":{"0":{"name":"(anonymous_0)","decl":{"start":{"line":7,"column":30},"end":{"line":7,"column":31}},"loc":{"start":{"line":7,"column":36},"end":{"line":78,"column":1}},"line":7},"1":{"name":"(anonymous_1)","decl":{"start":{"line":11,"column":12},"end":{"line":11,"column":13}},"loc":{"start":{"line":11,"column":18},"end":{"line":17,"column":3}},"line":11},"2":{"name":"(anonymous_2)","decl":{"start":{"line":16,"column":11},"end":{"line":16,"column":12}},"loc":{"start":{"line":16,"column":17},"end":{"line":16,"column":42}},"line":16},"3":{"name":"(anonymous_3)","decl":{"start":{"line":19,"column":12},"end":{"line":19,"column":13}},"loc":{"start":{"line":19,"column":18},"end":{"line":23,"column":3}},"line":19},"4":{"name":"(anonymous_4)","decl":{"start":{"line":25,"column":32},"end":{"line":25,"column":33}},"loc":{"start":{"line":25,"column":41},"end":{"line":27,"column":3}},"line":25},"5":{"name":"(anonymous_5)","decl":{"start":{"line":25,"column":41},"end":{"line":25,"column":42}},"loc":{"start":{"line":25,"column":47},"end":{"line":27,"column":3}},"line":25},"6":{"name":"(anonymous_6)","decl":{"start":{"line":80,"column":18},"end":{"line":80,"column":19}},"loc":{"start":{"line":80,"column":24},"end":{"line":87,"column":1}},"line":80}},"branchMap":{"0":{"loc":{"start":{"line":20,"column":4},"end":{"line":22,"column":60}},"type":"cond-expr","locations":[{"start":{"line":21,"column":8},"end":{"line":21,"column":48}},{"start":{"line":22,"column":8},"end":{"line":22,"column":60}}],"line":20},"1":{"loc":{"start":{"line":32,"column":25},"end":{"line":32,"column":70}},"type":"cond-expr","locations":[{"start":{"line":32,"column":45},"end":{"line":32,"column":56}},{"start":{"line":32,"column":59},"end":{"line":32,"column":70}}],"line":32},"2":{"loc":{"start":{"line":35,"column":25},"end":{"line":35,"column":73}},"type":"cond-expr","locations":[{"start":{"line":35,"column":48},"end":{"line":35,"column":59}},{"start":{"line":35,"column":62},"end":{"line":35,"column":73}}],"line":35},"3":{"loc":{"start":{"line":38,"column":25},"end":{"line":38,"column":71}},"type":"cond-expr","locations":[{"start":{"line":38,"column":46},"end":{"line":38,"column":57}},{"start":{"line":38,"column":60},"end":{"line":38,"column":71}}],"line":38}},"s":{"0":4,"1":1,"2":1,"3":1,"4":1,"5":1,"6":0,"7":1,"8":1,"9":0,"10":0,"11":0,"12":0,"13":4,"14":1},"f":{"0":1,"1":1,"2":0,"3":1,"4":0,"5":0,"6":1},"b":{"0":[1,0],"1":[0,0],"2":[0,0],"3":[0,0]},"_coverageSchema":"1a1c01bbd47fc00a2c39e90264f33305004495a9","hash":"7c1b7ed631aceacce8ac2f151ea37c794101fe07"}
,"/Users/iks3000/Desktop/capstone-project-final/src/components/ScrollToTop/index.js": {"path":"/Users/iks3000/Desktop/capstone-project-final/src/components/ScrollToTop/index.js","statementMap":{"0":{"start":{"line":6,"column":20},"end":{"line":39,"column":1}},"1":{"start":{"line":7,"column":38},"end":{"line":7,"column":53}},"2":{"start":{"line":11,"column":24},"end":{"line":16,"column":5}},"3":{"start":{"line":12,"column":8},"end":{"line":15,"column":11}},"4":{"start":{"line":18,"column":4},"end":{"line":30,"column":11}},"5":{"start":{"line":20,"column":33},"end":{"line":20,"column":36}},"6":{"start":{"line":21,"column":33},"end":{"line":27,"column":9}},"7":{"start":{"line":22,"column":12},"end":{"line":26,"column":13}},"8":{"start":{"line":23,"column":16},"end":{"line":23,"column":35}},"9":{"start":{"line":25,"column":16},"end":{"line":25,"column":36}},"10":{"start":{"line":28,"column":8},"end":{"line":28,"column":60}},"11":{"start":{"line":29,"column":8},"end":{"line":29,"column":76}},"12":{"start":{"line":29,"column":21},"end":{"line":29,"column":75}},"13":{"start":{"line":32,"column":4},"end":{"line":38,"column":6}}},"fnMap":{"0":{"name":"(anonymous_0)","decl":{"start":{"line":6,"column":20},"end":{"line":6,"column":21}},"loc":{"start":{"line":6,"column":26},"end":{"line":39,"column":1}},"line":6},"1":{"name":"(anonymous_1)","decl":{"start":{"line":11,"column":24},"end":{"line":11,"column":25}},"loc":{"start":{"line":11,"column":30},"end":{"line":16,"column":5}},"line":11},"2":{"name":"(anonymous_2)","decl":{"start":{"line":18,"column":14},"end":{"line":18,"column":15}},"loc":{"start":{"line":18,"column":20},"end":{"line":30,"column":5}},"line":18},"3":{"name":"(anonymous_3)","decl":{"start":{"line":21,"column":33},"end":{"line":21,"column":34}},"loc":{"start":{"line":21,"column":39},"end":{"line":27,"column":9}},"line":21},"4":{"name":"(anonymous_4)","decl":{"start":{"line":29,"column":15},"end":{"line":29,"column":16}},"loc":{"start":{"line":29,"column":21},"end":{"line":29,"column":75}},"line":29}},"branchMap":{"0":{"loc":{"start":{"line":22,"column":12},"end":{"line":26,"column":13}},"type":"if","locations":[{"start":{"line":22,"column":12},"end":{"line":26,"column":13}},{"start":{"line":22,"column":12},"end":{"line":26,"column":13}}],"line":22},"1":{"loc":{"start":{"line":34,"column":13},"end":{"line":36,"column":13}},"type":"binary-expr","locations":[{"start":{"line":34,"column":13},"end":{"line":34,"column":22}},{"start":{"line":35,"column":16},"end":{"line":35,"column":102}}],"line":34}},"s":{"0":4,"1":2,"2":2,"3":0,"4":2,"5":2,"6":2,"7":0,"8":0,"9":0,"10":2,"11":2,"12":0,"13":2},"f":{"0":2,"1":0,"2":2,"3":0,"4":0},"b":{"0":[0,0],"1":[2,0]},"_coverageSchema":"1a1c01bbd47fc00a2c39e90264f33305004495a9","hash":"c1e8c95b5c1b3e864b308f908c5fa70a7836766f"}
,"/Users/iks3000/Desktop/capstone-project-final/src/components/Skills/index.js": {"path":"/Users/iks3000/Desktop/capstone-project-final/src/components/Skills/index.js","statementMap":{"0":{"start":{"line":11,"column":15},"end":{"line":127,"column":1}},"1":{"start":{"line":12,"column":30},"end":{"line":12,"column":45}},"2":{"start":{"line":13,"column":30},"end":{"line":17,"column":4}},"3":{"start":{"line":14,"column":24},"end":{"line":14,"column":54}},"4":{"start":{"line":15,"column":25},"end":{"line":15,"column":48}},"5":{"start":{"line":16,"column":4},"end":{"line":16,"column":30}},"6":{"start":{"line":19,"column":19},"end":{"line":19,"column":32}},"7":{"start":{"line":22,"column":23},"end":{"line":28,"column":4}},"8":{"start":{"line":30,"column":17},"end":{"line":41,"column":4}},"9":{"start":{"line":37,"column":6},"end":{"line":37,"column":45}},"10":{"start":{"line":37,"column":26},"end":{"line":37,"column":43}},"11":{"start":{"line":38,"column":6},"end":{"line":38,"column":35}},"12":{"start":{"line":39,"column":6},"end":{"line":39,"column":18}},"13":{"start":{"line":43,"column":2},"end":{"line":46,"column":15}},"14":{"start":{"line":45,"column":4},"end":{"line":45,"column":59}},"15":{"start":{"line":48,"column":25},"end":{"line":50,"column":3}},"16":{"start":{"line":49,"column":4},"end":{"line":49,"column":23}},"17":{"start":{"line":52,"column":2},"end":{"line":126,"column":4}},"18":{"start":{"line":101,"column":10},"end":{"line":108,"column":12}}},"fnMap":{"0":{"name":"(anonymous_0)","decl":{"start":{"line":11,"column":15},"end":{"line":11,"column":16}},"loc":{"start":{"line":11,"column":21},"end":{"line":127,"column":1}},"line":11},"1":{"name":"(anonymous_1)","decl":{"start":{"line":13,"column":39},"end":{"line":13,"column":40}},"loc":{"start":{"line":13,"column":45},"end":{"line":17,"column":3}},"line":13},"2":{"name":"(anonymous_2)","decl":{"start":{"line":36,"column":14},"end":{"line":36,"column":15}},"loc":{"start":{"line":36,"column":41},"end":{"line":40,"column":5}},"line":36},"3":{"name":"(anonymous_3)","decl":{"start":{"line":37,"column":16},"end":{"line":37,"column":17}},"loc":{"start":{"line":37,"column":26},"end":{"line":37,"column":43}},"line":37},"4":{"name":"(anonymous_4)","decl":{"start":{"line":43,"column":12},"end":{"line":43,"column":13}},"loc":{"start":{"line":43,"column":18},"end":{"line":46,"column":3}},"line":43},"5":{"name":"(anonymous_5)","decl":{"start":{"line":48,"column":25},"end":{"line":48,"column":26}},"loc":{"start":{"line":48,"column":31},"end":{"line":50,"column":3}},"line":48},"6":{"name":"(anonymous_6)","decl":{"start":{"line":100,"column":21},"end":{"line":100,"column":22}},"loc":{"start":{"line":100,"column":36},"end":{"line":109,"column":9}},"line":100}},"branchMap":{"0":{"loc":{"start":{"line":16,"column":11},"end":{"line":16,"column":29}},"type":"binary-expr","locations":[{"start":{"line":16,"column":11},"end":{"line":16,"column":23}},{"start":{"line":16,"column":27},"end":{"line":16,"column":29}}],"line":16},"1":{"loc":{"start":{"line":63,"column":7},"end":{"line":98,"column":7}},"type":"binary-expr","locations":[{"start":{"line":63,"column":7},"end":{"line":63,"column":13}},{"start":{"line":64,"column":8},"end":{"line":97,"column":15}}],"line":63},"2":{"loc":{"start":{"line":68,"column":25},"end":{"line":68,"column":55}},"type":"binary-expr","locations":[{"start":{"line":68,"column":25},"end":{"line":68,"column":44}},{"start":{"line":68,"column":48},"end":{"line":68,"column":55}}],"line":68},"3":{"loc":{"start":{"line":74,"column":13},"end":{"line":76,"column":13}},"type":"binary-expr","locations":[{"start":{"line":74,"column":13},"end":{"line":74,"column":32}},{"start":{"line":75,"column":14},"end":{"line":75,"column":65}}],"line":74},"4":{"loc":{"start":{"line":82,"column":25},"end":{"line":82,"column":55}},"type":"binary-expr","locations":[{"start":{"line":82,"column":25},"end":{"line":82,"column":44}},{"start":{"line":82,"column":48},"end":{"line":82,"column":55}}],"line":82},"5":{"loc":{"start":{"line":88,"column":13},"end":{"line":90,"column":13}},"type":"binary-expr","locations":[{"start":{"line":88,"column":13},"end":{"line":88,"column":32}},{"start":{"line":89,"column":14},"end":{"line":89,"column":65}}],"line":88},"6":{"loc":{"start":{"line":95,"column":24},"end":{"line":95,"column":54}},"type":"binary-expr","locations":[{"start":{"line":95,"column":24},"end":{"line":95,"column":36}},{"start":{"line":95,"column":40},"end":{"line":95,"column":54}}],"line":95}},"s":{"0":4,"1":6,"2":6,"3":4,"4":4,"5":4,"6":6,"7":6,"8":6,"9":0,"10":0,"11":0,"12":0,"13":6,"14":4,"15":6,"16":2,"17":6,"18":0},"f":{"0":6,"1":4,"2":0,"3":0,"4":4,"5":2,"6":0},"b":{"0":[4,1],"1":[6,2],"2":[2,0],"3":[2,0],"4":[2,0],"5":[2,0],"6":[2,0]},"_coverageSchema":"1a1c01bbd47fc00a2c39e90264f33305004495a9","hash":"0d6a5c57837c0fd665b71d2973fd60b20be47d2b"}
,"/Users/iks3000/Desktop/capstone-project-final/src/components/Spinner/index.js": {"path":"/Users/iks3000/Desktop/capstone-project-final/src/components/Spinner/index.js","statementMap":{"0":{"start":{"line":6,"column":16},"end":{"line":12,"column":1}},"1":{"start":{"line":7,"column":2},"end":{"line":11,"column":4}}},"fnMap":{"0":{"name":"(anonymous_0)","decl":{"start":{"line":6,"column":16},"end":{"line":6,"column":17}},"loc":{"start":{"line":6,"column":22},"end":{"line":12,"column":1}},"line":6}},"branchMap":{},"s":{"0":5,"1":1},"f":{"0":1},"b":{},"_coverageSchema":"1a1c01bbd47fc00a2c39e90264f33305004495a9","hash":"d3a1430d1dcdf706b23d12f556f118cff00a1bef"}
,"/Users/iks3000/Desktop/capstone-project-final/src/components/TimeLine/index.js": {"path":"/Users/iks3000/Desktop/capstone-project-final/src/components/TimeLine/index.js","statementMap":{"0":{"start":{"line":7,"column":17},"end":{"line":35,"column":1}},"1":{"start":{"line":8,"column":2},"end":{"line":34,"column":4}},"2":{"start":{"line":19,"column":16},"end":{"line":27,"column":21}}},"fnMap":{"0":{"name":"(anonymous_0)","decl":{"start":{"line":7,"column":17},"end":{"line":7,"column":18}},"loc":{"start":{"line":7,"column":40},"end":{"line":35,"column":1}},"line":7},"1":{"name":"(anonymous_1)","decl":{"start":{"line":17,"column":25},"end":{"line":17,"column":26}},"loc":{"start":{"line":19,"column":16},"end":{"line":27,"column":21}},"line":19}},"branchMap":{"0":{"loc":{"start":{"line":11,"column":7},"end":{"line":32,"column":7}},"type":"cond-expr","locations":[{"start":{"line":11,"column":18},"end":{"line":11,"column":29}},{"start":{"line":13,"column":8},"end":{"line":31,"column":11}}],"line":11},"1":{"loc":{"start":{"line":14,"column":11},"end":{"line":30,"column":11}},"type":"cond-expr","locations":[{"start":{"line":14,"column":20},"end":{"line":14,"column":35}},{"start":{"line":16,"column":12},"end":{"line":29,"column":17}}],"line":14}},"s":{"0":4,"1":1,"2":0},"f":{"0":1,"1":0},"b":{"0":[1,0],"1":[0,0]},"_coverageSchema":"1a1c01bbd47fc00a2c39e90264f33305004495a9","hash":"11e6677bfa52dd1f2f78c0f6ff976d02801beff7"}
,"/Users/iks3000/Desktop/capstone-project-final/src/pages/Home/index.js": {"path":"/Users/iks3000/Desktop/capstone-project-final/src/pages/Home/index.js","statementMap":{"0":{"start":{"line":7,"column":13},"end":{"line":21,"column":1}},"1":{"start":{"line":8,"column":4},"end":{"line":20,"column":5}}},"fnMap":{"0":{"name":"(anonymous_0)","decl":{"start":{"line":7,"column":13},"end":{"line":7,"column":14}},"loc":{"start":{"line":7,"column":19},"end":{"line":21,"column":1}},"line":7}},"branchMap":{},"s":{"0":3,"1":1},"f":{"0":1},"b":{},"_coverageSchema":"1a1c01bbd47fc00a2c39e90264f33305004495a9","hash":"b174308f8ccb7d705f6b9e7a37ffecec5ecb4cb9"}
,"/Users/iks3000/Desktop/capstone-project-final/src/pages/Inner/index.js": {"path":"/Users/iks3000/Desktop/capstone-project-final/src/pages/Inner/index.js","statementMap":{"0":{"start":{"line":20,"column":16},"end":{"line":82,"column":1}},"1":{"start":{"line":21,"column":19},"end":{"line":21,"column":32}},"2":{"start":{"line":22,"column":21},"end":{"line":22,"column":73}},"3":{"start":{"line":22,"column":44},"end":{"line":22,"column":72}},"4":{"start":{"line":23,"column":18},"end":{"line":23,"column":67}},"5":{"start":{"line":23,"column":41},"end":{"line":23,"column":66}},"6":{"start":{"line":31,"column":2},"end":{"line":81,"column":4}},"7":{"start":{"line":84,"column":14},"end":{"line":99,"column":1}},"8":{"start":{"line":85,"column":27},"end":{"line":85,"column":58}},"9":{"start":{"line":85,"column":50},"end":{"line":85,"column":57}},"10":{"start":{"line":87,"column":2},"end":{"line":98,"column":4}}},"fnMap":{"0":{"name":"(anonymous_0)","decl":{"start":{"line":20,"column":16},"end":{"line":20,"column":17}},"loc":{"start":{"line":20,"column":22},"end":{"line":82,"column":1}},"line":20},"1":{"name":"(anonymous_1)","decl":{"start":{"line":22,"column":33},"end":{"line":22,"column":34}},"loc":{"start":{"line":22,"column":44},"end":{"line":22,"column":72}},"line":22},"2":{"name":"(anonymous_2)","decl":{"start":{"line":23,"column":30},"end":{"line":23,"column":31}},"loc":{"start":{"line":23,"column":41},"end":{"line":23,"column":66}},"line":23},"3":{"name":"(anonymous_3)","decl":{"start":{"line":84,"column":14},"end":{"line":84,"column":15}},"loc":{"start":{"line":84,"column":20},"end":{"line":99,"column":1}},"line":84},"4":{"name":"(anonymous_4)","decl":{"start":{"line":85,"column":38},"end":{"line":85,"column":39}},"loc":{"start":{"line":85,"column":50},"end":{"line":85,"column":57}},"line":85}},"branchMap":{"0":{"loc":{"start":{"line":88,"column":29},"end":{"line":88,"column":56}},"type":"binary-expr","locations":[{"start":{"line":88,"column":29},"end":{"line":88,"column":35}},{"start":{"line":88,"column":39},"end":{"line":88,"column":56}}],"line":88}},"s":{"0":3,"1":3,"2":3,"3":0,"4":3,"5":0,"6":2,"7":3,"8":3,"9":0,"10":2},"f":{"0":3,"1":0,"2":0,"3":3,"4":0},"b":{"0":[2,0]},"_coverageSchema":"1a1c01bbd47fc00a2c39e90264f33305004495a9","hash":"1079df1cd61a9666aae2355c085c6f2c6e4bc82f"}
,"/Users/iks3000/Desktop/capstone-project-final/src/utils/constants.js": {"path":"/Users/iks3000/Desktop/capstone-project-final/src/utils/constants.js","statementMap":{"0":{"start":{"line":1,"column":29},"end":{"line":1,"column":46}},"1":{"start":{"line":2,"column":26},"end":{"line":2,"column":39}}},"fnMap":{},"branchMap":{},"s":{"0":6,"1":6},"f":{},"b":{},"_coverageSchema":"1a1c01bbd47fc00a2c39e90264f33305004495a9","hash":"ff027fb2dc61a57ff238f181662ad596936f9fff"}
}
