TN:
SF:src/App.js
FN:5,App
FNF:1
FNH:1
FNDA:1,App
DA:6,1
LF:1
LH:1
BRF:0
BRH:0
end_of_record
TN:
SF:src/index.js
FNF:0
FNH:0
DA:14,1
DA:26,1
LF:2
LH:2
BRF:0
BRH:0
end_of_record
TN:
SF:src/app/store.js
FNF:0
FNH:0
DA:5,1
LF:1
LH:1
BRF:0
BRH:0
end_of_record
TN:
SF:src/app/features/education/educationSlice.js
FN:14,(anonymous_0)
FN:28,(anonymous_1)
FN:32,(anonymous_2)
FN:35,(anonymous_3)
FNF:4
FNH:3
FNDA:1,(anonymous_0)
FNDA:1,(anonymous_1)
FNDA:1,(anonymous_2)
FNDA:0,(anonymous_3)
DA:5,4
DA:12,4
DA:15,1
DA:16,1
DA:17,1
DA:23,4
DA:29,1
DA:30,1
DA:33,1
DA:36,0
DA:37,0
DA:38,0
LF:12
LH:9
BRF:0
BRH:0
end_of_record
TN:
SF:src/app/features/skills/skillsSlice.js
FN:12,(anonymous_0)
FN:21,(anonymous_1)
FN:36,(anonymous_2)
FN:40,(anonymous_3)
FN:43,(anonymous_4)
FN:50,(anonymous_5)
FN:53,(anonymous_6)
FN:56,(anonymous_7)
FNF:8
FNH:4
FNDA:1,(anonymous_0)
FNDA:1,(anonymous_1)
FNDA:1,(anonymous_2)
FNDA:1,(anonymous_3)
FNDA:0,(anonymous_4)
FNDA:0,(anonymous_5)
FNDA:0,(anonymous_6)
FNDA:0,(anonymous_7)
DA:5,5
DA:12,5
DA:13,1
DA:14,1
DA:15,1
DA:19,5
DA:22,1
DA:23,1
DA:25,0
DA:31,5
DA:37,1
DA:38,1
DA:41,1
DA:44,0
DA:45,0
DA:46,0
DA:51,0
DA:54,0
DA:57,0
DA:58,0
DA:59,0
LF:21
LH:12
BRF:0
BRH:0
end_of_record
TN:
SF:src/components/Address/index.js
FN:8,(anonymous_0)
FNF:1
FNH:1
FNDA:1,(anonymous_0)
DA:8,4
DA:9,1
LF:2
LH:2
BRF:0
BRH:0
end_of_record
TN:
SF:src/components/Box/index.js
FN:4,(anonymous_0)
FNF:1
FNH:1
FNDA:1,(anonymous_0)
DA:4,4
DA:5,1
LF:2
LH:2
BRF:0
BRH:0
end_of_record
TN:
SF:src/components/Button/index.js
FN:3,(anonymous_0)
FNF:1
FNH:1
FNDA:3,(anonymous_0)
DA:3,6
DA:4,3
LF:2
LH:2
BRDA:3,0,0,1
BRDA:6,1,0,1
BRDA:6,1,1,2
BRF:3
BRH:3
end_of_record
TN:
SF:src/components/ErrorMessage/index.js
FN:3,(anonymous_0)
FNF:1
FNH:1
FNDA:1,(anonymous_0)
DA:3,5
DA:4,1
LF:2
LH:2
BRF:0
BRH:0
end_of_record
TN:
SF:src/components/Expertise/index.js
FN:5,(anonymous_0)
FN:12,(anonymous_1)
FNF:2
FNH:2
FNDA:1,(anonymous_0)
FNDA:2,(anonymous_1)
DA:5,4
DA:6,1
DA:8,1
DA:13,2
LF:4
LH:4
BRF:0
BRH:0
end_of_record
TN:
SF:src/components/Feedback/index.js
FN:5,(anonymous_0)
FN:10,(anonymous_1)
FNF:2
FNH:2
FNDA:1,(anonymous_0)
FNDA:2,(anonymous_1)
DA:5,4
DA:6,1
DA:7,1
DA:11,2
LF:4
LH:4
BRF:0
BRH:0
end_of_record
TN:
SF:src/components/Info/index.js
FN:3,(anonymous_0)
FNF:1
FNH:1
FNDA:1,(anonymous_0)
DA:3,9
DA:4,1
LF:2
LH:2
BRF:0
BRH:0
end_of_record
TN:
SF:src/components/Navigation/index.js
FN:16,(anonymous_0)
FNF:1
FNH:1
FNDA:1,(anonymous_0)
DA:16,3
DA:17,1
LF:2
LH:2
BRF:0
BRH:0
end_of_record
TN:
SF:src/components/Panel/index.js
FN:11,(anonymous_0)
FNF:1
FNH:1
FNDA:1,(anonymous_0)
DA:11,3
DA:12,1
LF:2
LH:2
BRF:0
BRH:0
end_of_record
TN:
SF:src/components/PhotoBox/index.js
FN:3,(anonymous_0)
FNF:1
FNH:1
FNDA:1,(anonymous_0)
DA:3,4
DA:4,1
LF:2
LH:2
BRF:0
BRH:0
end_of_record
TN:
SF:src/components/Portfolio/index.js
FN:7,(anonymous_0)
FN:11,(anonymous_1)
FN:16,(anonymous_2)
FN:19,(anonymous_3)
FN:25,(anonymous_4)
FN:25,(anonymous_5)
FN:80,(anonymous_6)
FNF:7
FNH:4
FNDA:1,(anonymous_0)
FNDA:1,(anonymous_1)
FNDA:0,(anonymous_2)
FNDA:1,(anonymous_3)
FNDA:0,(anonymous_4)
FNDA:0,(anonymous_5)
FNDA:1,(anonymous_6)
DA:7,4
DA:8,1
DA:9,1
DA:11,1
DA:12,1
DA:16,1
DA:19,1
DA:20,1
DA:25,0
DA:26,0
DA:29,0
DA:80,4
DA:81,1
LF:13
LH:10
BRDA:20,0,0,1
BRDA:20,0,1,0
BRDA:32,1,0,0
BRDA:32,1,1,0
BRDA:35,2,0,0
BRDA:35,2,1,0
BRDA:38,3,0,0
BRDA:38,3,1,0
BRF:8
BRH:1
end_of_record
TN:
SF:src/components/ScrollToTop/index.js
FN:6,(anonymous_0)
FN:11,(anonymous_1)
FN:18,(anonymous_2)
FN:21,(anonymous_3)
FN:29,(anonymous_4)
FNF:5
FNH:2
FNDA:2,(anonymous_0)
FNDA:0,(anonymous_1)
FNDA:2,(anonymous_2)
FNDA:0,(anonymous_3)
FNDA:0,(anonymous_4)
DA:6,4
DA:7,2
DA:11,2
DA:12,0
DA:18,2
DA:20,2
DA:21,2
DA:22,0
DA:23,0
DA:25,0
DA:28,2
DA:29,2
DA:32,2
LF:13
LH:9
BRDA:22,0,0,0
BRDA:22,0,1,0
BRDA:34,1,0,2
BRDA:34,1,1,0
BRF:4
BRH:1
end_of_record
TN:
SF:src/components/Skills/index.js
FN:11,(anonymous_0)
FN:13,(anonymous_1)
FN:36,(anonymous_2)
FN:37,(anonymous_3)
FN:43,(anonymous_4)
FN:48,(anonymous_5)
FN:100,(anonymous_6)
FNF:7
FNH:4
FNDA:6,(anonymous_0)
FNDA:4,(anonymous_1)
FNDA:0,(anonymous_2)
FNDA:0,(anonymous_3)
FNDA:4,(anonymous_4)
FNDA:2,(anonymous_5)
FNDA:0,(anonymous_6)
DA:11,4
DA:12,6
DA:13,6
DA:14,4
DA:15,4
DA:16,4
DA:19,6
DA:22,6
DA:30,6
DA:37,0
DA:38,0
DA:39,0
DA:43,6
DA:45,4
DA:48,6
DA:49,2
DA:52,6
DA:101,0
LF:18
LH:14
BRDA:16,0,0,4
BRDA:16,0,1,1
BRDA:63,1,0,6
BRDA:63,1,1,2
BRDA:68,2,0,2
BRDA:68,2,1,0
BRDA:74,3,0,2
BRDA:74,3,1,0
BRDA:82,4,0,2
BRDA:82,4,1,0
BRDA:88,5,0,2
BRDA:88,5,1,0
BRDA:95,6,0,2
BRDA:95,6,1,0
BRF:14
BRH:9
end_of_record
TN:
SF:src/components/Spinner/index.js
FN:6,(anonymous_0)
FNF:1
FNH:1
FNDA:1,(anonymous_0)
DA:6,5
DA:7,1
LF:2
LH:2
BRF:0
BRH:0
end_of_record
TN:
SF:src/components/TimeLine/index.js
FN:7,(anonymous_0)
FN:17,(anonymous_1)
FNF:2
FNH:1
FNDA:1,(anonymous_0)
FNDA:0,(anonymous_1)
DA:7,4
DA:8,1
DA:19,0
LF:3
LH:2
BRDA:11,0,0,1
BRDA:11,0,1,0
BRDA:14,1,0,0
BRDA:14,1,1,0
BRF:4
BRH:1
end_of_record
TN:
SF:src/pages/Home/index.js
FN:7,(anonymous_0)
FNF:1
FNH:1
FNDA:1,(anonymous_0)
DA:7,3
DA:8,1
LF:2
LH:2
BRF:0
BRH:0
end_of_record
TN:
SF:src/pages/Inner/index.js
FN:20,(anonymous_0)
FN:22,(anonymous_1)
FN:23,(anonymous_2)
FN:84,(anonymous_3)
FN:85,(anonymous_4)
FNF:5
FNH:2
FNDA:3,(anonymous_0)
FNDA:0,(anonymous_1)
FNDA:0,(anonymous_2)
FNDA:3,(anonymous_3)
FNDA:0,(anonymous_4)
DA:20,3
DA:21,3
DA:22,3
DA:23,3
DA:31,2
DA:84,3
DA:85,3
DA:87,2
LF:8
LH:8
BRDA:88,0,0,2
BRDA:88,0,1,0
BRF:2
BRH:1
end_of_record
TN:
SF:src/utils/constants.js
FNF:0
FNH:0
DA:1,6
DA:2,6
LF:2
LH:2
BRF:0
BRH:0
end_of_record
